<?xml version="1.0" encoding="UTF-8"?>
<!-- Generated by org.testng.reporters.JUnitReportReporter -->
<testsuite hostname="DESKTOP-67L8E2C" failures="0" tests="1" name="com.OrangeHrm.testCases.TC_TestCaseLogin_002" time="30.910" errors="0" timestamp="2024-09-18T10:54:46 IST" skipped="0">
  <testcase classname="com.OrangeHrm.testCases.TC_TestCaseLogin_002" name="test" time="30.910"/>
</testsuite> <!-- com.OrangeHrm.testCases.TC_TestCaseLogin_002 -->
